# JRE version: Java(TM) SE Runtime Environment (7.0_51-b13) (build 1.7.0_51-b13)
# Java VM: Java HotSpot(TM) 64-Bit Server VM (24.51-b03 mixed mode windows-amd64 compressed oops)
Heap
 PSYoungGen      total 2533376K, used 2064928K [0x0000000705000000, 0x00000007f6080000, 0x0000000800000000)
  eden space 1254400K, 100% used [0x0000000705000000,0x0000000751900000,0x0000000751900000)
  from space 1278976K, 63% used [0x0000000751900000,0x0000000783088090,0x000000079fa00000)
  to   space 1272832K, 15% used [0x00000007a8580000,0x00000007b43b8090,0x00000007f6080000)
 ParOldGen       total 2096640K, used 1026291K [0x000000050f000000, 0x000000058ef80000, 0x0000000705000000)
  object space 2096640K, 48% used [0x000000050f000000,0x000000054da3cfa8,0x000000058ef80000)
 PSPermGen       total 21504K, used 2633K [0x0000000509e00000, 0x000000050b300000, 0x000000050f000000)
  object space 21504K, 12% used [0x0000000509e00000,0x000000050a0925e8,0x000000050b300000)
GC Heap History (10 events):
Event: 74.648 GC heap after
Heap after GC invocations=44 (full 8):
 PSYoungGen      total 2398208K, used 1111456K [0x0000000705000000, 0x00000007edb80000, 0x0000000800000000)
  eden space 1126912K, 0% used [0x0000000705000000,0x0000000705000000,0x0000000749c80000)
  from space 1271296K, 87% used [0x00000007a0200000,0x00000007e3f68090,0x00000007edb80000)
  to   space 1332224K, 0% used [0x0000000749c80000,0x0000000749c80000,0x000000079b180000)
 ParOldGen       total 2096640K, used 1390742K [0x000000050f000000, 0x000000058ef80000, 0x0000000705000000)
  object space 2096640K, 66% used [0x000000050f000000,0x0000000563e25b70,0x000000058ef80000)
 PSPermGen       total 21504K, used 2633K [0x0000000509e00000, 0x000000050b300000, 0x000000050f000000)
  object space 21504K, 12% used [0x0000000509e00000,0x000000050a0925e8,0x000000050b300000)
}
Event: 75.140 GC heap before
{Heap before GC invocations=45 (full 8):
 PSYoungGen      total 2398208K, used 2238368K [0x0000000705000000, 0x00000007edb80000, 0x0000000800000000)
  eden space 1126912K, 100% used [0x0000000705000000,0x0000000749c80000,0x0000000749c80000)
  from space 1271296K, 87% used [0x00000007a0200000,0x00000007e3f68090,0x00000007edb80000)
  to   space 1332224K, 0% used [0x0000000749c80000,0x0000000749c80000,0x000000079b180000)
 ParOldGen       total 2096640K, used 1390742K [0x000000050f000000, 0x000000058ef80000, 0x0000000705000000)
  object space 2096640K, 66% used [0x000000050f000000,0x0000000563e25b70,0x000000058ef80000)
 PSPermGen       total 21504K, used 2633K [0x0000000509e00000, 0x000000050b300000, 0x000000050f000000)
  object space 21504K, 12% used [0x0000000509e00000,0x000000050a0925e8,0x000000050b300000)
Event: 76.009 GC heap after
Heap after GC invocations=45 (full 8):
 PSYoungGen      total 2459136K, used 583360K [0x0000000705000000, 0x00000007f6280000, 0x0000000800000000)
  eden space 1126912K, 0% used [0x0000000705000000,0x0000000705000000,0x0000000749c80000)
  from space 1332224K, 43% used [0x0000000749c80000,0x000000076d630090,0x000000079b180000)
  to   space 1330688K, 0% used [0x00000007a4f00000,0x00000007a4f00000,0x00000007f6280000)
 ParOldGen       total 2096640K, used 1798622K [0x000000050f000000, 0x000000058ef80000, 0x0000000705000000)
  object space 2096640K, 85% used [0x000000050f000000,0x000000057cc77b70,0x000000058ef80000)
 PSPermGen       total 21504K, used 2633K [0x0000000509e00000, 0x000000050b300000, 0x000000050f000000)
  object space 21504K, 12% used [0x0000000509e00000,0x000000050a0925e8,0x000000050b300000)
}
Event: 76.009 GC heap before
{Heap before GC invocations=46 (full 9):
 PSYoungGen      total 2459136K, used 583360K [0x0000000705000000, 0x00000007f6280000, 0x0000000800000000)
  eden space 1126912K, 0% used [0x0000000705000000,0x0000000705000000,0x0000000749c80000)
  from space 1332224K, 43% used [0x0000000749c80000,0x000000076d630090,0x000000079b180000)
  to   space 1330688K, 0% used [0x00000007a4f00000,0x00000007a4f00000,0x00000007f6280000)
 ParOldGen       total 2096640K, used 1798622K [0x000000050f000000, 0x000000058ef80000, 0x0000000705000000)
  object space 2096640K, 85% used [0x000000050f000000,0x000000057cc77b70,0x000000058ef80000)
 PSPermGen       total 21504K, used 2633K [0x0000000509e00000, 0x000000050b300000, 0x000000050f000000)
  object space 21504K, 12% used [0x0000000509e00000,0x000000050a0925e8,0x000000050b300000)
Event: 83.454 GC heap after
Heap after GC invocations=46 (full 9):
 PSYoungGen      total 2459136K, used 0K [0x0000000705000000, 0x00000007f6280000, 0x0000000800000000)
  eden space 1126912K, 0% used [0x0000000705000000,0x0000000705000000,0x0000000749c80000)
  from space 1332224K, 0% used [0x0000000749c80000,0x0000000749c80000,0x000000079b180000)
  to   space 1330688K, 0% used [0x00000007a4f00000,0x00000007a4f00000,0x00000007f6280000)
 ParOldGen       total 2096640K, used 1026291K [0x000000050f000000, 0x000000058ef80000, 0x0000000705000000)
  object space 2096640K, 48% used [0x000000050f000000,0x000000054da3cfa8,0x000000058ef80000)
 PSPermGen       total 21504K, used 2633K [0x0000000509e00000, 0x000000050b300000, 0x000000050f000000)
  object space 21504K, 12% used [0x0000000509e00000,0x000000050a0925e8,0x000000050b300000)
}
Event: 83.937 GC heap before
{Heap before GC invocations=47 (full 9):
 PSYoungGen      total 2459136K, used 1126912K [0x0000000705000000, 0x00000007f6280000, 0x0000000800000000)
  eden space 1126912K, 100% used [0x0000000705000000,0x0000000749c80000,0x0000000749c80000)
  from space 1332224K, 0% used [0x0000000749c80000,0x0000000749c80000,0x000000079b180000)
  to   space 1330688K, 0% used [0x00000007a4f00000,0x00000007a4f00000,0x00000007f6280000)
 ParOldGen       total 2096640K, used 1026291K [0x000000050f000000, 0x000000058ef80000, 0x0000000705000000)
  object space 2096640K, 48% used [0x000000050f000000,0x000000054da3cfa8,0x000000058ef80000)
 PSPermGen       total 21504K, used 2633K [0x0000000509e00000, 0x000000050b300000, 0x000000050f000000)
  object space 21504K, 12% used [0x0000000509e00000,0x000000050a0925e8,0x000000050b300000)
Event: 84.586 GC heap after
Heap after GC invocations=47 (full 9):
 PSYoungGen      total 2446336K, used 583104K [0x0000000705000000, 0x00000007edb00000, 0x0000000800000000)
  eden space 1254400K, 0% used [0x0000000705000000,0x0000000705000000,0x0000000751900000)
  from space 1191936K, 48% used [0x00000007a4f00000,0x00000007c8870090,0x00000007edb00000)
  to   space 1278976K, 0% used [0x0000000751900000,0x0000000751900000,0x000000079fa00000)
 ParOldGen       total 2096640K, used 1026291K [0x000000050f000000, 0x000000058ef80000, 0x0000000705000000)
  object space 2096640K, 48% used [0x000000050f000000,0x000000054da3cfa8,0x000000058ef80000)
 PSPermGen       total 21504K, used 2633K [0x0000000509e00000, 0x000000050b300000, 0x000000050f000000)
  object space 21504K, 12% used [0x0000000509e00000,0x000000050a0925e8,0x000000050b300000)
}
Event: 85.121 GC heap before
{Heap before GC invocations=48 (full 9):
 PSYoungGen      total 2446336K, used 1837504K [0x0000000705000000, 0x00000007edb00000, 0x0000000800000000)
  eden space 1254400K, 100% used [0x0000000705000000,0x0000000751900000,0x0000000751900000)
  from space 1191936K, 48% used [0x00000007a4f00000,0x00000007c8870090,0x00000007edb00000)
  to   space 1278976K, 0% used [0x0000000751900000,0x0000000751900000,0x000000079fa00000)
 ParOldGen       total 2096640K, used 1026291K [0x000000050f000000, 0x000000058ef80000, 0x0000000705000000)
  object space 2096640K, 48% used [0x000000050f000000,0x000000054da3cfa8,0x000000058ef80000)
 PSPermGen       total 21504K, used 2633K [0x0000000509e00000, 0x000000050b300000, 0x000000050f000000)
  object space 21504K, 12% used [0x0000000509e00000,0x000000050a0925e8,0x000000050b300000)
Event: 85.750 GC heap after
Heap after GC invocations=48 (full 9):
 PSYoungGen      total 2533376K, used 810528K [0x0000000705000000, 0x00000007f6080000, 0x0000000800000000)
  eden space 1254400K, 0% used [0x0000000705000000,0x0000000705000000,0x0000000751900000)
  from space 1278976K, 63% used [0x0000000751900000,0x0000000783088090,0x000000079fa00000)
  to   space 1272832K, 0% used [0x00000007a8580000,0x00000007a8580000,0x00000007f6080000)
 ParOldGen       total 2096640K, used 1026291K [0x000000050f000000, 0x000000058ef80000, 0x0000000705000000)
  object space 2096640K, 48% used [0x000000050f000000,0x000000054da3cfa8,0x000000058ef80000)
 PSPermGen       total 21504K, used 2633K [0x0000000509e00000, 0x000000050b300000, 0x000000050f000000)
  object space 21504K, 12% used [0x0000000509e00000,0x000000050a0925e8,0x000000050b300000)
}
Event: 86.298 GC heap before
{Heap before GC invocations=49 (full 9):
 PSYoungGen      total 2533376K, used 2064928K [0x0000000705000000, 0x00000007f6080000, 0x0000000800000000)
  eden space 1254400K, 100% used [0x0000000705000000,0x0000000751900000,0x0000000751900000)
  from space 1278976K, 63% used [0x0000000751900000,0x0000000783088090,0x000000079fa00000)
  to   space 1272832K, 0% used [0x00000007a8580000,0x00000007a8580000,0x00000007f6080000)
 ParOldGen       total 2096640K, used 1026291K [0x000000050f000000, 0x000000058ef80000, 0x0000000705000000)
  object space 2096640K, 48% used [0x000000050f000000,0x000000054da3cfa8,0x000000058ef80000)
 PSPermGen       total 21504K, used 2633K [0x0000000509e00000, 0x000000050b300000, 0x000000050f000000)
  object space 21504K, 12% used [0x0000000509e00000,0x000000050a0925e8,0x000000050b300000)

