# JRE version: Java(TM) SE Runtime Environment (7.0_51-b13) (build 1.7.0_51-b13)
# Java VM: Java HotSpot(TM) 64-Bit Server VM (24.51-b03 mixed mode windows-amd64 compressed oops)
Heap
 PSYoungGen      total 1294848K, used 1133600K [0x0000000705000000, 0x00000007a5d80000, 0x0000000800000000)
  eden space 251904K, 100% used [0x0000000705000000,0x0000000714600000,0x0000000714600000)
  from space 1042944K, 84% used [0x0000000714600000,0x000000074a308000,0x0000000754080000)
  to   space 1150976K, 1% used [0x000000075f980000,0x0000000760b80000,0x00000007a5d80000)
 ParOldGen       total 1610752K, used 1068001K [0x000000050f000000, 0x0000000571500000, 0x0000000705000000)
  object space 1610752K, 66% used [0x000000050f000000,0x00000005502f85b0,0x0000000571500000)
 PSPermGen       total 21504K, used 2636K [0x0000000509e00000, 0x000000050b300000, 0x000000050f000000)
  object space 21504K, 12% used [0x0000000509e00000,0x000000050a0932e0,0x000000050b300000)
GC Heap History (10 events):
Event: 19.680 GC heap after
Heap after GC invocations=21 (full 6):
 PSYoungGen      total 1020416K, used 259648K [0x0000000705000000, 0x0000000772200000, 0x0000000800000000)
  eden space 259072K, 0% used [0x0000000705000000,0x0000000705000000,0x0000000714d00000)
  from space 761344K, 34% used [0x0000000714d00000,0x0000000724a90000,0x0000000743480000)
  to   space 721920K, 0% used [0x0000000746100000,0x0000000746100000,0x0000000772200000)
 ParOldGen       total 1610752K, used 1000809K [0x000000050f000000, 0x0000000571500000, 0x0000000705000000)
  object space 1610752K, 62% used [0x000000050f000000,0x000000054c15a5b0,0x0000000571500000)
 PSPermGen       total 21504K, used 2636K [0x0000000509e00000, 0x000000050b300000, 0x000000050f000000)
  object space 21504K, 12% used [0x0000000509e00000,0x000000050a0932e0,0x000000050b300000)
}
Event: 19.775 GC heap before
{Heap before GC invocations=22 (full 6):
 PSYoungGen      total 1020416K, used 518720K [0x0000000705000000, 0x0000000772200000, 0x0000000800000000)
  eden space 259072K, 100% used [0x0000000705000000,0x0000000714d00000,0x0000000714d00000)
  from space 761344K, 34% used [0x0000000714d00000,0x0000000724a90000,0x0000000743480000)
  to   space 721920K, 0% used [0x0000000746100000,0x0000000746100000,0x0000000772200000)
 ParOldGen       total 1610752K, used 1000809K [0x000000050f000000, 0x0000000571500000, 0x0000000705000000)
  object space 1610752K, 62% used [0x000000050f000000,0x000000054c15a5b0,0x0000000571500000)
 PSPermGen       total 21504K, used 2636K [0x0000000509e00000, 0x000000050b300000, 0x000000050f000000)
  object space 21504K, 12% used [0x0000000509e00000,0x000000050a0932e0,0x000000050b300000)
Event: 20.503 GC heap after
Heap after GC invocations=22 (full 6):
 PSYoungGen      total 1026048K, used 519232K [0x0000000705000000, 0x0000000777d00000, 0x0000000800000000)
  eden space 304128K, 0% used [0x0000000705000000,0x0000000705000000,0x0000000717900000)
  from space 721920K, 71% used [0x0000000746100000,0x0000000765c10000,0x0000000772200000)
  to   space 761856K, 0% used [0x0000000717900000,0x0000000717900000,0x0000000746100000)
 ParOldGen       total 1610752K, used 1000809K [0x000000050f000000, 0x0000000571500000, 0x0000000705000000)
  object space 1610752K, 62% used [0x000000050f000000,0x000000054c15a5b0,0x0000000571500000)
 PSPermGen       total 21504K, used 2636K [0x0000000509e00000, 0x000000050b300000, 0x000000050f000000)
  object space 21504K, 12% used [0x0000000509e00000,0x000000050a0932e0,0x000000050b300000)
}
Event: 20.610 GC heap before
{Heap before GC invocations=23 (full 6):
 PSYoungGen      total 1026048K, used 823360K [0x0000000705000000, 0x0000000777d00000, 0x0000000800000000)
  eden space 304128K, 100% used [0x0000000705000000,0x0000000717900000,0x0000000717900000)
  from space 721920K, 71% used [0x0000000746100000,0x0000000765c10000,0x0000000772200000)
  to   space 761856K, 0% used [0x0000000717900000,0x0000000717900000,0x0000000746100000)
 ParOldGen       total 1610752K, used 1000809K [0x000000050f000000, 0x0000000571500000, 0x0000000705000000)
  object space 1610752K, 62% used [0x000000050f000000,0x000000054c15a5b0,0x0000000571500000)
 PSPermGen       total 21504K, used 2636K [0x0000000509e00000, 0x000000050b300000, 0x000000050f000000)
  object space 21504K, 12% used [0x0000000509e00000,0x000000050a0932e0,0x000000050b300000)
Event: 21.848 GC heap after
Heap after GC invocations=23 (full 6):
 PSYoungGen      total 1065984K, used 761856K [0x0000000705000000, 0x000000078b400000, 0x0000000800000000)
  eden space 304128K, 0% used [0x0000000705000000,0x0000000705000000,0x0000000717900000)
  from space 761856K, 100% used [0x0000000717900000,0x0000000746100000,0x0000000746100000)
  to   space 904704K, 0% used [0x0000000754080000,0x0000000754080000,0x000000078b400000)
 ParOldGen       total 1610752K, used 1063073K [0x000000050f000000, 0x0000000571500000, 0x0000000705000000)
  object space 1610752K, 65% used [0x000000050f000000,0x000000054fe285b0,0x0000000571500000)
 PSPermGen       total 21504K, used 2636K [0x0000000509e00000, 0x000000050b300000, 0x000000050f000000)
  object space 21504K, 12% used [0x0000000509e00000,0x000000050a0932e0,0x000000050b300000)
}
Event: 21.960 GC heap before
{Heap before GC invocations=24 (full 6):
 PSYoungGen      total 1065984K, used 1065984K [0x0000000705000000, 0x000000078b400000, 0x0000000800000000)
  eden space 304128K, 100% used [0x0000000705000000,0x0000000717900000,0x0000000717900000)
  from space 761856K, 100% used [0x0000000717900000,0x0000000746100000,0x0000000746100000)
  to   space 904704K, 0% used [0x0000000754080000,0x0000000754080000,0x000000078b400000)
 ParOldGen       total 1610752K, used 1063073K [0x000000050f000000, 0x0000000571500000, 0x0000000705000000)
  object space 1610752K, 65% used [0x000000050f000000,0x000000054fe285b0,0x0000000571500000)
 PSPermGen       total 21504K, used 2636K [0x0000000509e00000, 0x000000050b300000, 0x000000050f000000)
  object space 21504K, 12% used [0x0000000509e00000,0x000000050a0932e0,0x000000050b300000)
Event: 23.367 GC heap after
Heap after GC invocations=24 (full 6):
 PSYoungGen      total 1156608K, used 886496K [0x0000000705000000, 0x000000079c880000, 0x0000000800000000)
  eden space 251904K, 0% used [0x0000000705000000,0x0000000705000000,0x0000000714600000)
  from space 904704K, 97% used [0x0000000754080000,0x000000078a238000,0x000000078b400000)
  to   space 1042944K, 0% used [0x0000000714600000,0x0000000714600000,0x0000000754080000)
 ParOldGen       total 1610752K, used 1063073K [0x000000050f000000, 0x0000000571500000, 0x0000000705000000)
  object space 1610752K, 65% used [0x000000050f000000,0x000000054fe285b0,0x0000000571500000)
 PSPermGen       total 21504K, used 2636K [0x0000000509e00000, 0x000000050b300000, 0x000000050f000000)
  object space 21504K, 12% used [0x0000000509e00000,0x000000050a0932e0,0x000000050b300000)
}
Event: 23.457 GC heap before
{Heap before GC invocations=25 (full 6):
 PSYoungGen      total 1156608K, used 1138400K [0x0000000705000000, 0x000000079c880000, 0x0000000800000000)
  eden space 251904K, 100% used [0x0000000705000000,0x0000000714600000,0x0000000714600000)
  from space 904704K, 97% used [0x0000000754080000,0x000000078a238000,0x000000078b400000)
  to   space 1042944K, 0% used [0x0000000714600000,0x0000000714600000,0x0000000754080000)
 ParOldGen       total 1610752K, used 1063073K [0x000000050f000000, 0x0000000571500000, 0x0000000705000000)
  object space 1610752K, 65% used [0x000000050f000000,0x000000054fe285b0,0x0000000571500000)
 PSPermGen       total 21504K, used 2636K [0x0000000509e00000, 0x000000050b300000, 0x000000050f000000)
  object space 21504K, 12% used [0x0000000509e00000,0x000000050a0932e0,0x000000050b300000)
Event: 24.978 GC heap after
Heap after GC invocations=25 (full 6):
 PSYoungGen      total 1294848K, used 881696K [0x0000000705000000, 0x00000007a5d80000, 0x0000000800000000)
  eden space 251904K, 0% used [0x0000000705000000,0x0000000705000000,0x0000000714600000)
  from space 1042944K, 84% used [0x0000000714600000,0x000000074a308000,0x0000000754080000)
  to   space 1150976K, 0% used [0x000000075f980000,0x000000075f980000,0x00000007a5d80000)
 ParOldGen       total 1610752K, used 1067993K [0x000000050f000000, 0x0000000571500000, 0x0000000705000000)
  object space 1610752K, 66% used [0x000000050f000000,0x00000005502f65b0,0x0000000571500000)
 PSPermGen       total 21504K, used 2636K [0x0000000509e00000, 0x000000050b300000, 0x000000050f000000)
  object space 21504K, 12% used [0x0000000509e00000,0x000000050a0932e0,0x000000050b300000)
}
Event: 25.066 GC heap before
{Heap before GC invocations=26 (full 6):
 PSYoungGen      total 1294848K, used 1133600K [0x0000000705000000, 0x00000007a5d80000, 0x0000000800000000)
  eden space 251904K, 100% used [0x0000000705000000,0x0000000714600000,0x0000000714600000)
  from space 1042944K, 84% used [0x0000000714600000,0x000000074a308000,0x0000000754080000)
  to   space 1150976K, 0% used [0x000000075f980000,0x000000075f980000,0x00000007a5d80000)
 ParOldGen       total 1610752K, used 1067993K [0x000000050f000000, 0x0000000571500000, 0x0000000705000000)
  object space 1610752K, 66% used [0x000000050f000000,0x00000005502f65b0,0x0000000571500000)
 PSPermGen       total 21504K, used 2636K [0x0000000509e00000, 0x000000050b300000, 0x000000050f000000)
  object space 21504K, 12% used [0x0000000509e00000,0x000000050a0932e0,0x000000050b300000)

