# JRE version: Java(TM) SE Runtime Environment (7.0_51-b13) (build 1.7.0_51-b13)
# Java VM: Java HotSpot(TM) 64-Bit Server VM (24.51-b03 mixed mode windows-amd64 compressed oops)
Heap
 PSYoungGen      total 2367488K, used 1495904K [0x0000000705000000, 0x00000007edc00000, 0x0000000800000000)
  eden space 996864K, 100% used [0x0000000705000000,0x0000000741d80000,0x0000000741d80000)
  from space 1370624K, 36% used [0x0000000741d80000,0x00000007604d8000,0x0000000795800000)
  to   space 1370624K, 6% used [0x000000079a180000,0x000000079f700090,0x00000007edc00000)
 ParOldGen       total 2849792K, used 2005487K [0x000000050f000000, 0x00000005bcf00000, 0x0000000705000000)
  object space 2849792K, 70% used [0x000000050f000000,0x000000058967be38,0x00000005bcf00000)
 PSPermGen       total 21504K, used 2634K [0x0000000509e00000, 0x000000050b300000, 0x000000050f000000)
  object space 21504K, 12% used [0x0000000509e00000,0x000000050a092a58,0x000000050b300000)
GC Heap History (10 events):
Event: 165.242 GC heap after
Heap after GC invocations=81 (full 10):
 PSYoungGen      total 2270720K, used 722016K [0x0000000705000000, 0x00000007e2300000, 0x0000000800000000)
  eden space 911872K, 0% used [0x0000000705000000,0x0000000705000000,0x000000073ca80000)
  from space 1358848K, 53% used [0x000000073ca80000,0x0000000768b98090,0x000000078f980000)
  to   space 1323520K, 0% used [0x0000000791680000,0x0000000791680000,0x00000007e2300000)
 ParOldGen       total 2849792K, used 1248527K [0x000000050f000000, 0x00000005bcf00000, 0x0000000705000000)
  object space 2849792K, 43% used [0x000000050f000000,0x000000055b343da8,0x00000005bcf00000)
 PSPermGen       total 21504K, used 2634K [0x0000000509e00000, 0x000000050b300000, 0x000000050f000000)
  object space 21504K, 12% used [0x0000000509e00000,0x000000050a092a58,0x000000050b300000)
}
Event: 167.680 GC heap before
{Heap before GC invocations=82 (full 10):
 PSYoungGen      total 2270720K, used 1633888K [0x0000000705000000, 0x00000007e2300000, 0x0000000800000000)
  eden space 911872K, 100% used [0x0000000705000000,0x000000073ca80000,0x000000073ca80000)
  from space 1358848K, 53% used [0x000000073ca80000,0x0000000768b98090,0x000000078f980000)
  to   space 1323520K, 0% used [0x0000000791680000,0x0000000791680000,0x00000007e2300000)
 ParOldGen       total 2849792K, used 1248527K [0x000000050f000000, 0x00000005bcf00000, 0x0000000705000000)
  object space 2849792K, 43% used [0x000000050f000000,0x000000055b343da8,0x00000005bcf00000)
 PSPermGen       total 21504K, used 2634K [0x0000000509e00000, 0x000000050b300000, 0x000000050f000000)
  object space 21504K, 12% used [0x0000000509e00000,0x000000050a092a58,0x000000050b300000)
Event: 168.960 GC heap after
Heap after GC invocations=82 (full 10):
 PSYoungGen      total 2253312K, used 1178304K [0x0000000705000000, 0x00000007e8400000, 0x0000000800000000)
  eden space 929792K, 0% used [0x0000000705000000,0x0000000705000000,0x000000073dc00000)
  from space 1323520K, 89% used [0x0000000791680000,0x00000007d9530090,0x00000007e2300000)
  to   space 1370624K, 0% used [0x000000073dc00000,0x000000073dc00000,0x0000000791680000)
 ParOldGen       total 2849792K, used 1248527K [0x000000050f000000, 0x00000005bcf00000, 0x0000000705000000)
  object space 2849792K, 43% used [0x000000050f000000,0x000000055b343da8,0x00000005bcf00000)
 PSPermGen       total 21504K, used 2634K [0x0000000509e00000, 0x000000050b300000, 0x000000050f000000)
  object space 21504K, 12% used [0x0000000509e00000,0x000000050a092a58,0x000000050b300000)
}
Event: 171.334 GC heap before
{Heap before GC invocations=83 (full 10):
 PSYoungGen      total 2253312K, used 2108096K [0x0000000705000000, 0x00000007e8400000, 0x0000000800000000)
  eden space 929792K, 100% used [0x0000000705000000,0x000000073dc00000,0x000000073dc00000)
  from space 1323520K, 89% used [0x0000000791680000,0x00000007d9530090,0x00000007e2300000)
  to   space 1370624K, 0% used [0x000000073dc00000,0x000000073dc00000,0x0000000791680000)
 ParOldGen       total 2849792K, used 1248527K [0x000000050f000000, 0x00000005bcf00000, 0x0000000705000000)
  object space 2849792K, 43% used [0x000000050f000000,0x000000055b343da8,0x00000005bcf00000)
 PSPermGen       total 21504K, used 2634K [0x0000000509e00000, 0x000000050b300000, 0x000000050f000000)
  object space 21504K, 12% used [0x0000000509e00000,0x000000050a092a58,0x000000050b300000)
Event: 172.101 GC heap after
Heap after GC invocations=83 (full 10):
 PSYoungGen      total 2300416K, used 940896K [0x0000000705000000, 0x00000007e9600000, 0x0000000800000000)
  eden space 929792K, 0% used [0x0000000705000000,0x0000000705000000,0x000000073dc00000)
  from space 1370624K, 68% used [0x000000073dc00000,0x00000007772d8090,0x0000000791680000)
  to   space 1370624K, 0% used [0x0000000795b80000,0x0000000795b80000,0x00000007e9600000)
 ParOldGen       total 2849792K, used 1265743K [0x000000050f000000, 0x00000005bcf00000, 0x0000000705000000)
  object space 2849792K, 44% used [0x000000050f000000,0x000000055c413da8,0x00000005bcf00000)
 PSPermGen       total 21504K, used 2634K [0x0000000509e00000, 0x000000050b300000, 0x000000050f000000)
  object space 21504K, 12% used [0x0000000509e00000,0x000000050a092a58,0x000000050b300000)
}
Event: 174.452 GC heap before
{Heap before GC invocations=84 (full 10):
 PSYoungGen      total 2300416K, used 1870688K [0x0000000705000000, 0x00000007e9600000, 0x0000000800000000)
  eden space 929792K, 100% used [0x0000000705000000,0x000000073dc00000,0x000000073dc00000)
  from space 1370624K, 68% used [0x000000073dc00000,0x00000007772d8090,0x0000000791680000)
  to   space 1370624K, 0% used [0x0000000795b80000,0x0000000795b80000,0x00000007e9600000)
 ParOldGen       total 2849792K, used 1265743K [0x000000050f000000, 0x00000005bcf00000, 0x0000000705000000)
  object space 2849792K, 44% used [0x000000050f000000,0x000000055c413da8,0x00000005bcf00000)
 PSPermGen       total 21504K, used 2634K [0x0000000509e00000, 0x000000050b300000, 0x000000050f000000)
  object space 21504K, 12% used [0x0000000509e00000,0x000000050a092a58,0x000000050b300000)
Event: 174.948 GC heap after
Heap after GC invocations=84 (full 10):
 PSYoungGen      total 2363904K, used 484512K [0x0000000705000000, 0x00000007e9280000, 0x0000000800000000)
  eden space 996864K, 0% used [0x0000000705000000,0x0000000705000000,0x0000000741d80000)
  from space 1367040K, 35% used [0x0000000795b80000,0x00000007b34a8090,0x00000007e9280000)
  to   space 1370624K, 0% used [0x0000000741d80000,0x0000000741d80000,0x0000000795800000)
 ParOldGen       total 2849792K, used 1519751K [0x000000050f000000, 0x00000005bcf00000, 0x0000000705000000)
  object space 2849792K, 53% used [0x000000050f000000,0x000000056bc21da8,0x00000005bcf00000)
 PSPermGen       total 21504K, used 2634K [0x0000000509e00000, 0x000000050b300000, 0x000000050f000000)
  object space 21504K, 12% used [0x0000000509e00000,0x000000050a092a58,0x000000050b300000)
}
Event: 177.562 GC heap before
{Heap before GC invocations=85 (full 10):
 PSYoungGen      total 2363904K, used 1481376K [0x0000000705000000, 0x00000007e9280000, 0x0000000800000000)
  eden space 996864K, 100% used [0x0000000705000000,0x0000000741d80000,0x0000000741d80000)
  from space 1367040K, 35% used [0x0000000795b80000,0x00000007b34a8090,0x00000007e9280000)
  to   space 1370624K, 0% used [0x0000000741d80000,0x0000000741d80000,0x0000000795800000)
 ParOldGen       total 2849792K, used 1519751K [0x000000050f000000, 0x00000005bcf00000, 0x0000000705000000)
  object space 2849792K, 53% used [0x000000050f000000,0x000000056bc21da8,0x00000005bcf00000)
 PSPermGen       total 21504K, used 2634K [0x0000000509e00000, 0x000000050b300000, 0x000000050f000000)
  object space 21504K, 12% used [0x0000000509e00000,0x000000050a092a58,0x000000050b300000)
Event: 178.715 GC heap after
Heap after GC invocations=85 (full 10):
 PSYoungGen      total 2367488K, used 499040K [0x0000000705000000, 0x00000007edc00000, 0x0000000800000000)
  eden space 996864K, 0% used [0x0000000705000000,0x0000000705000000,0x0000000741d80000)
  from space 1370624K, 36% used [0x0000000741d80000,0x00000007604d8000,0x0000000795800000)
  to   space 1370624K, 0% used [0x000000079a180000,0x000000079a180000,0x00000007edc00000)
 ParOldGen       total 2849792K, used 2005479K [0x000000050f000000, 0x00000005bcf00000, 0x0000000705000000)
  object space 2849792K, 70% used [0x000000050f000000,0x0000000589679e38,0x00000005bcf00000)
 PSPermGen       total 21504K, used 2634K [0x0000000509e00000, 0x000000050b300000, 0x000000050f000000)
  object space 21504K, 12% used [0x0000000509e00000,0x000000050a092a58,0x000000050b300000)
}
Event: 181.260 GC heap before
{Heap before GC invocations=86 (full 10):
 PSYoungGen      total 2367488K, used 1495904K [0x0000000705000000, 0x00000007edc00000, 0x0000000800000000)
  eden space 996864K, 100% used [0x0000000705000000,0x0000000741d80000,0x0000000741d80000)
  from space 1370624K, 36% used [0x0000000741d80000,0x00000007604d8000,0x0000000795800000)
  to   space 1370624K, 0% used [0x000000079a180000,0x000000079a180000,0x00000007edc00000)
 ParOldGen       total 2849792K, used 2005479K [0x000000050f000000, 0x00000005bcf00000, 0x0000000705000000)
  object space 2849792K, 70% used [0x000000050f000000,0x0000000589679e38,0x00000005bcf00000)
 PSPermGen       total 21504K, used 2634K [0x0000000509e00000, 0x000000050b300000, 0x000000050f000000)
  object space 21504K, 12% used [0x0000000509e00000,0x000000050a092a58,0x000000050b300000)

